Array
(
    [ErrorTime] => 2019-12-05 09:35:43
    [sendIp] => 127.0.0.1
    [smsType] => ADMIN_LOGIN_CODE
    [mobile] => 18575202691
)


Array
(
    [ErrorTime] => 2019-12-05 09:46:05
    [sendIp] => 127.0.0.1
    [smsType] => ADMIN_LOGIN_CODE
    [mobile] => 18575202691
)


Array
(
    [ErrorTime] => 2019-12-05 09:47:43
    [sendIp] => 127.0.0.1
    [smsType] => ADMIN_LOGIN_CODE
    [mobile] => 18575202691
)


Array
(
    [ErrorTime] => 2019-12-05 09:48:48
    [sendIp] => 127.0.0.1
    [smsType] => ADMIN_LOGIN_CODE
    [mobile] => 18575202691
)


Array
(
    [ErrorTime] => 2019-12-05 10:37:26
    [sendIp] => 127.0.0.1
    [smsType] => ADMIN_LOGIN_CODE
    [mobile] => 18575202691
)


