Array
(
    [ErrorTime] => 2019-12-06 08:48:29
    [request] => Array
        (
            [_datetime] => 2019-12-06 08:48:29
            [_ip] => 127.0.0.1
            [_userid] => 0
            [appid] => admin_api_call
            [key] => ADMIN_LOGIN_CODE
            [method] => sms.send
            [mobile] => 18575202691
            [oriJson] => {"v":"1.0.0","appid":"admin_api_call","platform":5,"request_no":"Req-2019120608480000000001","timestamp":1575593309,"method":"sms.send","mobile":"18575202691","key":"ADMIN_LOGIN_CODE"}
            [platform] => 5
            [request_no] => Req-2019120608480000000001
            [sign] => 9856102E189651266080500E55C2E1FE
            [timestamp] => 1575593309
            [v] => 1.0.0
            [_response_date] => 2019-12-06 08:48:29
        )

    [response] => Array
        (
            [code] => 200
            [msg] => 发送成功
        )

)


Array
(
    [ErrorTime] => 2019-12-06 08:48:31
    [request] => Array
        (
            [_datetime] => 2019-12-06 08:48:31
            [_ip] => 127.0.0.1
            [_userid] => 0
            [appid] => admin_api_call
            [code] => 123456
            [key] => ADMIN_LOGIN_CODE
            [method] => sms.verify
            [mobile] => 18575202691
            [oriJson] => {"v":"1.0.0","appid":"admin_api_call","platform":5,"request_no":"Req-2019120608480000000002","timestamp":1575593311,"method":"sms.verify","mobile":"18575202691","key":"ADMIN_LOGIN_CODE","code":"123456"}
            [platform] => 5
            [request_no] => Req-2019120608480000000002
            [sign] => 8BAA88694750AE649BF2A4674A051BA8
            [timestamp] => 1575593311
            [v] => 1.0.0
            [_response_date] => 2019-12-06 08:48:31
        )

    [response] => Array
        (
            [code] => 200
            [msg] => 验证码正确
        )

)


Array
(
    [ErrorTime] => 2019-12-06 18:04:04
    [request] => Array
        (
            [_datetime] => 2019-12-06 18:04:03
            [_ip] => 10.0.2.2
            [_userid] => 0
            [app_v] => 1.0.0
            [appid] => appid_test
            [channel] => huawei
            [code] => 198888
            [device_token] => AhIWfj5ulQTChf8DsDti5ezNB8_1nEezN7eMIv6OfebA
            [latitude] => 22.547822
            [login_type] => 2
            [longitude] => 113.945999
            [method] => user.login
            [mobile] => 18575202691
            [oriJson] => {"method":"user.login","mobile":"18575202691","login_type":2,"code":"198888","type":1,"device_token":"AhIWfj5ulQTChf8DsDti5ezNB8_1nEezN7eMIv6OfebA","v":"1.0.0","appid":"appid_test","timestamp":1575626728,"unique_id":"b91f5a1e50d6a0fff36dda5a1bb08d76","app_v":"1.0.0","longitude":"113.945999","latitude":"22.547822","channel":"huawei","platform":"1"}
            [platform] => 1
            [sign] => 42686BDFEE41C1F995592600A851506C
            [timestamp] => 1575626728
            [type] => 1
            [unique_id] => b91f5a1e50d6a0fff36dda5a1bb08d76
            [v] => 1.0.0
            [_response_date] => 2019-12-06 18:04:04
        )

    [response] => Array
        (
            [code] => 500
            [msg] => 服务器繁忙,请稍候重试
        )

)


Array
(
    [ErrorTime] => 2019-12-06 18:05:52
    [request] => Array
        (
            [_datetime] => 2019-12-06 18:05:51
            [_ip] => 10.0.2.2
            [_userid] => 0
            [app_v] => 1.0.0
            [appid] => appid_test
            [channel] => huawei
            [code] => 198888
            [device_token] => AhIWfj5ulQTChf8DsDti5ezNB8_1nEezN7eMIv6OfebA
            [latitude] => 22.547822
            [login_type] => 2
            [longitude] => 113.945999
            [method] => user.login
            [mobile] => 18575202691
            [oriJson] => {"method":"user.login","mobile":"18575202691","login_type":2,"code":"198888","type":1,"device_token":"AhIWfj5ulQTChf8DsDti5ezNB8_1nEezN7eMIv6OfebA","v":"1.0.0","appid":"appid_test","timestamp":1575626836,"unique_id":"b91f5a1e50d6a0fff36dda5a1bb08d76","app_v":"1.0.0","longitude":"113.945999","latitude":"22.547822","channel":"huawei","platform":"1"}
            [platform] => 1
            [sign] => 3569F0577C6F289B18148D2C537652E4
            [timestamp] => 1575626836
            [type] => 1
            [unique_id] => b91f5a1e50d6a0fff36dda5a1bb08d76
            [v] => 1.0.0
            [_response_date] => 2019-12-06 18:05:52
        )

    [response] => Array
        (
            [code] => 500
            [msg] => 服务器繁忙,请稍候重试
        )

)


Array
(
    [ErrorTime] => 2019-12-06 18:08:03
    [request] => Array
        (
            [_datetime] => 2019-12-06 18:08:02
            [_ip] => 10.0.2.2
            [_userid] => 0
            [app_v] => 1.0.0
            [appid] => appid_test
            [channel] => huawei
            [device_token] => AhIWfj5ulQTChf8DsDti5ezNB8_1nEezN7eMIv6OfebA
            [latitude] => 22.547822
            [longitude] => 113.945999
            [method] => system.init
            [oriJson] => {"method":"system.init","device_token":"AhIWfj5ulQTChf8DsDti5ezNB8_1nEezN7eMIv6OfebA","v":"1.0.0","appid":"appid_test","timestamp":1575626967,"unique_id":"b91f5a1e50d6a0fff36dda5a1bb08d76","app_v":"1.0.0","token":"7bfbUlZTBVNWUgYFCABZAA4MB1FWBAcHVw4AVlBUOA4CVAZVUgIFVVMEVQYLAg5RXAEBUgQDB1JSAVVaUVxQPwZTBldSVQRRX1U/BDFQXUI","longitude":"113.945999","latitude":"22.547822","channel":"huawei","platform":"1"}
            [platform] => 1
            [sign] => 789180191ED75766834350ACAA3D7604
            [timestamp] => 1575626967
            [token] => 7bfbUlZTBVNWUgYFCABZAA4MB1FWBAcHVw4AVlBUOA4CVAZVUgIFVVMEVQYLAg5RXAEBUgQDB1JSAVVaUVxQPwZTBldSVQRRX1U/BDFQXUI
            [unique_id] => b91f5a1e50d6a0fff36dda5a1bb08d76
            [v] => 1.0.0
            [_response_date] => 2019-12-06 18:08:03
        )

    [response] => Array
        (
            [code] => 500
            [msg] => 服务器繁忙,请稍候重试
        )

)


Array
(
    [ErrorTime] => 2019-12-06 18:09:43
    [request] => Array
        (
            [_datetime] => 2019-12-06 18:09:43
            [_ip] => 10.0.2.2
            [_userid] => 0
            [app_v] => 1.0.0
            [appid] => appid_test
            [channel] => huawei
            [device_token] => AhIWfj5ulQTChf8DsDti5ezNB8_1nEezN7eMIv6OfebA
            [latitude] => 22.547822
            [longitude] => 113.945999
            [method] => system.init
            [oriJson] => {"method":"system.init","device_token":"AhIWfj5ulQTChf8DsDti5ezNB8_1nEezN7eMIv6OfebA","v":"1.0.0","appid":"appid_test","timestamp":1575627068,"unique_id":"b91f5a1e50d6a0fff36dda5a1bb08d76","app_v":"1.0.0","token":"7bfbUlZTBVNWUgYFCABZAA4MB1FWBAcHVw4AVlBUOA4CVAZVUgIFVVMEVQYLAg5RXAEBUgQDB1JSAVVaUVxQPwZTBldSVQRRX1U/BDFQXUI","longitude":"113.945999","latitude":"22.547822","channel":"huawei","platform":"1"}
            [platform] => 1
            [sign] => D751ED851298CB2254E8961981EA3323
            [timestamp] => 1575627068
            [token] => 7bfbUlZTBVNWUgYFCABZAA4MB1FWBAcHVw4AVlBUOA4CVAZVUgIFVVMEVQYLAg5RXAEBUgQDB1JSAVVaUVxQPwZTBldSVQRRX1U/BDFQXUI
            [unique_id] => b91f5a1e50d6a0fff36dda5a1bb08d76
            [v] => 1.0.0
            [_response_date] => 2019-12-06 18:09:43
        )

    [response] => Array
        (
            [code] => 200
            [msg] => success
            [data] => Array
                (
                    [token_status] => 0
                    [upgrade] => Array
                        (
                            [upgrade_way] => 2
                            [app_v] => 1.0.1
                            [app_title] => 端午节新版闹龙舟
                            [app_desc] => 端午节新版闹龙舟
                            [app_url] => https://github.com/fingerQin
                            [dialog_repeat] => 1
                            [origin_v] => 1.0.0
                        )

                    [start_ad] => stdClass Object
                        (
                        )

                    [app_home_right_btn_url] => https://github.com/fingerQin
                    [app_service] => Array
                        (
                            [txt] => 服务中心
                            [url] => https://github.com/fingerQin
                        )

                    [app_about] => Array
                        (
                            [txt] => 关于我们
                            [url] => https://github.com/fingerQin
                        )

                    [app_feedback] => Array
                        (
                            [txt] => 意见反馈
                            [url] => https://github.com/fingerQin
                        )

                    [notice_dialog] => stdClass Object
                        (
                        )

                )

        )

)


Array
(
    [ErrorTime] => 2019-12-06 18:10:52
    [request] => Array
        (
            [_datetime] => 2019-12-06 18:10:52
            [_ip] => 127.0.0.1
            [_userid] => 0
            [appid] => admin_api_call
            [key] => ADMIN_LOGIN_CODE
            [method] => sms.send
            [mobile] => 18575202691
            [oriJson] => {"v":"1.0.0","appid":"admin_api_call","platform":5,"request_no":"Req-2019120618100000000001","timestamp":1575627052,"method":"sms.send","mobile":"18575202691","key":"ADMIN_LOGIN_CODE"}
            [platform] => 5
            [request_no] => Req-2019120618100000000001
            [sign] => F678C281F1BF0CE23234239F07CF435F
            [timestamp] => 1575627052
            [v] => 1.0.0
            [_response_date] => 2019-12-06 18:10:52
        )

    [response] => Array
        (
            [code] => 200
            [msg] => 发送成功
        )

)


Array
(
    [ErrorTime] => 2019-12-06 18:10:55
    [request] => Array
        (
            [_datetime] => 2019-12-06 18:10:55
            [_ip] => 127.0.0.1
            [_userid] => 0
            [appid] => admin_api_call
            [code] => 123456
            [key] => ADMIN_LOGIN_CODE
            [method] => sms.verify
            [mobile] => 18575202691
            [oriJson] => {"v":"1.0.0","appid":"admin_api_call","platform":5,"request_no":"Req-2019120618100000000002","timestamp":1575627055,"method":"sms.verify","mobile":"18575202691","key":"ADMIN_LOGIN_CODE","code":"123456"}
            [platform] => 5
            [request_no] => Req-2019120618100000000002
            [sign] => 136DB7405801B04B53B0718D3F8868C2
            [timestamp] => 1575627055
            [v] => 1.0.0
            [_response_date] => 2019-12-06 18:10:55
        )

    [response] => Array
        (
            [code] => 200
            [msg] => 验证码正确
        )

)


