Array
(
    [ErrorTime] => 2019-12-05 09:35:43
    [request] => Array
        (
            [_datetime] => 2019-12-05 09:35:43
            [_ip] => 127.0.0.1
            [_userid] => 0
            [appid] => admin_api_call
            [key] => ADMIN_LOGIN_CODE
            [method] => sms.send
            [mobile] => 18575202691
            [oriJson] => {"v":"1.0.0","appid":"admin_api_call","platform":5,"request_no":"Req-2019120509350000000001","timestamp":1575509743,"method":"sms.send","mobile":"18575202691","key":"ADMIN_LOGIN_CODE"}
            [platform] => 5
            [request_no] => Req-2019120509350000000001
            [sign] => F45E1C02A0E3512A9FAD3BFD97C059F6
            [timestamp] => 1575509743
            [v] => 1.0.0
            [_response_date] => 2019-12-05 09:35:43
        )

    [response] => Array
        (
            [code] => 200
            [msg] => 发送成功
        )

)


Array
(
    [ErrorTime] => 2019-12-05 09:35:55
    [request] => Array
        (
            [_datetime] => 2019-12-05 09:35:55
            [_ip] => 127.0.0.1
            [_userid] => 0
            [appid] => admin_api_call
            [code] => 123456
            [key] => ADMIN_LOGIN_CODE
            [method] => sms.verify
            [mobile] => 18575202691
            [oriJson] => {"v":"1.0.0","appid":"admin_api_call","platform":5,"request_no":"Req-2019120509350000000002","timestamp":1575509755,"method":"sms.verify","mobile":"18575202691","key":"ADMIN_LOGIN_CODE","code":"123456"}
            [platform] => 5
            [request_no] => Req-2019120509350000000002
            [sign] => F2914135E58BF4242EA42204B0996C90
            [timestamp] => 1575509755
            [v] => 1.0.0
            [_response_date] => 2019-12-05 09:35:55
        )

    [response] => Array
        (
            [code] => 500
            [msg] => 服务器繁忙,请稍候重试
        )

)


Array
(
    [ErrorTime] => 2019-12-05 09:36:09
    [request] => Array
        (
            [_datetime] => 2019-12-05 09:36:01
            [_ip] => 127.0.0.1
            [_userid] => 0
            [appid] => admin_api_call
            [code] => 123456
            [key] => ADMIN_LOGIN_CODE
            [method] => sms.verify
            [mobile] => 18575202691
            [oriJson] => {"v":"1.0.0","appid":"admin_api_call","platform":5,"request_no":"Req-2019120509360000000001","timestamp":1575509761,"method":"sms.verify","mobile":"18575202691","key":"ADMIN_LOGIN_CODE","code":"123456"}
            [platform] => 5
            [request_no] => Req-2019120509360000000001
            [sign] => 39F5DC29B76963543231FEB0F7DD85C5
            [timestamp] => 1575509761
            [v] => 1.0.0
            [_response_date] => 2019-12-05 09:36:09
        )

    [response] => Array
        (
            [code] => 200
            [msg] => 验证码正确
        )

)


Array
(
    [ErrorTime] => 2019-12-05 09:46:05
    [request] => Array
        (
            [_datetime] => 2019-12-05 09:46:05
            [_ip] => 127.0.0.1
            [_userid] => 0
            [appid] => admin_api_call
            [key] => ADMIN_LOGIN_CODE
            [method] => sms.send
            [mobile] => 18575202691
            [oriJson] => {"v":"1.0.0","appid":"admin_api_call","platform":5,"request_no":"Req-2019120509460000000001","timestamp":1575510365,"method":"sms.send","mobile":"18575202691","key":"ADMIN_LOGIN_CODE"}
            [platform] => 5
            [request_no] => Req-2019120509460000000001
            [sign] => 17E7106B408243B13C2D7C8C7965052E
            [timestamp] => 1575510365
            [v] => 1.0.0
            [_response_date] => 2019-12-05 09:46:05
        )

    [response] => Array
        (
            [code] => 200
            [msg] => 发送成功
        )

)


Array
(
    [ErrorTime] => 2019-12-05 09:46:09
    [request] => Array
        (
            [_datetime] => 2019-12-05 09:46:09
            [_ip] => 127.0.0.1
            [_userid] => 0
            [appid] => admin_api_call
            [code] => 123456
            [key] => ADMIN_LOGIN_CODE
            [method] => sms.verify
            [mobile] => 18575202691
            [oriJson] => {"v":"1.0.0","appid":"admin_api_call","platform":5,"request_no":"Req-2019120509460000000002","timestamp":1575510369,"method":"sms.verify","mobile":"18575202691","key":"ADMIN_LOGIN_CODE","code":"123456"}
            [platform] => 5
            [request_no] => Req-2019120509460000000002
            [sign] => 7C6BDBB8DAC6DC0CD1F9499ADCC29980
            [timestamp] => 1575510369
            [v] => 1.0.0
            [_response_date] => 2019-12-05 09:46:09
        )

    [response] => Array
        (
            [code] => 500
            [msg] => 服务器繁忙,请稍候重试
        )

)


Array
(
    [ErrorTime] => 2019-12-05 09:47:44
    [request] => Array
        (
            [_datetime] => 2019-12-05 09:47:43
            [_ip] => 127.0.0.1
            [_userid] => 0
            [appid] => admin_api_call
            [key] => ADMIN_LOGIN_CODE
            [method] => sms.send
            [mobile] => 18575202691
            [oriJson] => {"v":"1.0.0","appid":"admin_api_call","platform":5,"request_no":"Req-2019120509470000000001","timestamp":1575510463,"method":"sms.send","mobile":"18575202691","key":"ADMIN_LOGIN_CODE"}
            [platform] => 5
            [request_no] => Req-2019120509470000000001
            [sign] => 8BEB8CF4259418314DD994DE9555EEA5
            [timestamp] => 1575510463
            [v] => 1.0.0
            [_response_date] => 2019-12-05 09:47:44
        )

    [response] => Array
        (
            [code] => 200
            [msg] => 发送成功
        )

)


Array
(
    [ErrorTime] => 2019-12-05 09:47:46
    [request] => Array
        (
            [_datetime] => 2019-12-05 09:47:46
            [_ip] => 127.0.0.1
            [_userid] => 0
            [appid] => admin_api_call
            [code] => 123456
            [key] => ADMIN_LOGIN_CODE
            [method] => sms.verify
            [mobile] => 18575202691
            [oriJson] => {"v":"1.0.0","appid":"admin_api_call","platform":5,"request_no":"Req-2019120509470000000002","timestamp":1575510466,"method":"sms.verify","mobile":"18575202691","key":"ADMIN_LOGIN_CODE","code":"123456"}
            [platform] => 5
            [request_no] => Req-2019120509470000000002
            [sign] => EC57263A6E835551DFAC4536745E30BD
            [timestamp] => 1575510466
            [v] => 1.0.0
            [_response_date] => 2019-12-05 09:47:46
        )

    [response] => Array
        (
            [code] => 200
            [msg] => 验证码正确
        )

)


Array
(
    [ErrorTime] => 2019-12-05 09:48:48
    [request] => Array
        (
            [_datetime] => 2019-12-05 09:48:48
            [_ip] => 127.0.0.1
            [_userid] => 0
            [appid] => admin_api_call
            [key] => ADMIN_LOGIN_CODE
            [method] => sms.send
            [mobile] => 18575202691
            [oriJson] => {"v":"1.0.0","appid":"admin_api_call","platform":5,"request_no":"Req-2019120509480000000001","timestamp":1575510528,"method":"sms.send","mobile":"18575202691","key":"ADMIN_LOGIN_CODE"}
            [platform] => 5
            [request_no] => Req-2019120509480000000001
            [sign] => 72404D4BF518CB49BC3F58ACCFE2ED52
            [timestamp] => 1575510528
            [v] => 1.0.0
            [_response_date] => 2019-12-05 09:48:48
        )

    [response] => Array
        (
            [code] => 200
            [msg] => 发送成功
        )

)


Array
(
    [ErrorTime] => 2019-12-05 09:48:51
    [request] => Array
        (
            [_datetime] => 2019-12-05 09:48:51
            [_ip] => 127.0.0.1
            [_userid] => 0
            [appid] => admin_api_call
            [code] => 123456
            [key] => ADMIN_LOGIN_CODE
            [method] => sms.verify
            [mobile] => 18575202691
            [oriJson] => {"v":"1.0.0","appid":"admin_api_call","platform":5,"request_no":"Req-2019120509480000000002","timestamp":1575510531,"method":"sms.verify","mobile":"18575202691","key":"ADMIN_LOGIN_CODE","code":"123456"}
            [platform] => 5
            [request_no] => Req-2019120509480000000002
            [sign] => F28C77E41050F9278C95DF13CC455BDE
            [timestamp] => 1575510531
            [v] => 1.0.0
            [_response_date] => 2019-12-05 09:48:51
        )

    [response] => Array
        (
            [code] => 200
            [msg] => 验证码正确
        )

)


Array
(
    [ErrorTime] => 2019-12-05 10:37:26
    [request] => Array
        (
            [_datetime] => 2019-12-05 10:37:26
            [_ip] => 127.0.0.1
            [_userid] => 0
            [appid] => admin_api_call
            [key] => ADMIN_LOGIN_CODE
            [method] => sms.send
            [mobile] => 18575202691
            [oriJson] => {"v":"1.0.0","appid":"admin_api_call","platform":5,"request_no":"Req-2019120510370000000001","timestamp":1575513446,"method":"sms.send","mobile":"18575202691","key":"ADMIN_LOGIN_CODE"}
            [platform] => 5
            [request_no] => Req-2019120510370000000001
            [sign] => 7A45D75BCE230BE40DD27C3FA0869CD1
            [timestamp] => 1575513446
            [v] => 1.0.0
            [_response_date] => 2019-12-05 10:37:26
        )

    [response] => Array
        (
            [code] => 200
            [msg] => 发送成功
        )

)


Array
(
    [ErrorTime] => 2019-12-05 10:37:29
    [request] => Array
        (
            [_datetime] => 2019-12-05 10:37:28
            [_ip] => 127.0.0.1
            [_userid] => 0
            [appid] => admin_api_call
            [code] => 123456
            [key] => ADMIN_LOGIN_CODE
            [method] => sms.verify
            [mobile] => 18575202691
            [oriJson] => {"v":"1.0.0","appid":"admin_api_call","platform":5,"request_no":"Req-2019120510370000000002","timestamp":1575513448,"method":"sms.verify","mobile":"18575202691","key":"ADMIN_LOGIN_CODE","code":"123456"}
            [platform] => 5
            [request_no] => Req-2019120510370000000002
            [sign] => 5A29DF3CA4F906B00F7A4C9548DB34AB
            [timestamp] => 1575513448
            [v] => 1.0.0
            [_response_date] => 2019-12-05 10:37:29
        )

    [response] => Array
        (
            [code] => 200
            [msg] => 验证码正确
        )

)


