Array
(
    [ErrorTime] => 2019-12-06 18:04:04
    [Type] => register_shutdown_function
    [ServerIP] => 10.0.2.15
    [ClientIP] => 10.0.2.2
    [ErrorFile] => /data/web/myself/Yaf-Server-Admin/Yaf-Server/apps/controllers/Index.php
    [ErrorLine] => 31
    [ErrorMsg] => Uncaught Error: Class 'finger\Utils\YLog' not found in /data/web/myself/Yaf-Server-Admin/Yaf-Server/apps/controllers/Index.php:31
Stack trace:
#0 [internal function]: IndexController->indexAction()
#1 /data/web/myself/Yaf-Server-Admin/Yaf-Server/public/index.php(22): Yaf_Application->run()
#2 {main}
  thrown
    [ErrorNo] => 1
    [stackTrace] => 
)


Array
(
    [ErrorTime] => 2019-12-06 18:05:52
    [Type] => register_shutdown_function
    [ServerIP] => 10.0.2.15
    [ClientIP] => 10.0.2.2
    [ErrorFile] => /data/web/myself/Yaf-Server-Admin/Yaf-Server/apps/controllers/Index.php
    [ErrorLine] => 31
    [ErrorMsg] => Uncaught Error: Class 'finger\Utils\YLog' not found in /data/web/myself/Yaf-Server-Admin/Yaf-Server/apps/controllers/Index.php:31
Stack trace:
#0 [internal function]: IndexController->indexAction()
#1 /data/web/myself/Yaf-Server-Admin/Yaf-Server/public/index.php(22): Yaf_Application->run()
#2 {main}
  thrown
    [ErrorNo] => 1
    [stackTrace] => 
)


