Array
(
    [ErrorTime] => 2019-12-05 09:35:55
    [ServerIP] => 127.0.0.1
    [ClientIP] => 127.0.0.1
    [content] => SQLSTATE[HY000] [2002] Network is unreachable
#0 /data/web/myself/Yaf-Server-Admin/Yaf-Server/vendor/finger/yaflib/src/Database/Connection.php(125): PDO->__construct('mysql:dbname=ya...', 'admin', 'a2f6d985382bd42...', Array)
#1 /data/web/myself/Yaf-Server-Admin/Yaf-Server/vendor/finger/yaflib/src/Database/Connection.php(85): finger\Database\Connection->connection('default')
#2 /data/web/myself/Yaf-Server-Admin/Yaf-Server/vendor/finger/yaflib/src/Database/Connection.php(71): finger\Database\Connection->changeDb('default')
#3 /data/web/myself/Yaf-Server-Admin/Yaf-Server/vendor/finger/yaflib/src/Database/Models.php(85): finger\Database\Connection->__construct('default')
#4 /data/web/myself/Yaf-Server-Admin/Yaf-Server/vendor/finger/yaflib/src/Database/Models.php(74): finger\Database\Models->changeDb('default')
#5 /data/web/myself/Yaf-Server-Admin/Yaf-Server/library/Services/Sms/Sms.php(265): finger\Database\Models->__construct()
#6 /data/web/myself/Yaf-Server-Admin/Yaf-Server/library/Services/Sms/Sms.php(184): Services\Sms\Sms::getTemplet('ADMIN_LOGIN_COD...')
#7 /data/web/myself/Yaf-Server-Admin/Yaf-Server/library/Apis/admin/v100/Sms/SmsVerifyApi.php(28): Services\Sms\Sms::verify('18575202691', '123456', 'ADMIN_LOGIN_COD...', 0, '127.0.0.1')
#8 /data/web/myself/Yaf-Server-Admin/Yaf-Server/library/Apis/AbstractApi.php(81): Apis\admin\v100\Sms\SmsVerifyApi->runService()
#9 /data/web/myself/Yaf-Server-Admin/Yaf-Server/library/Apis/Factory.php(77): Apis\AbstractApi->__construct(Array, 'admin', 'admin_api_call', '16b36c2c513de50...')
#10 /data/web/myself/Yaf-Server-Admin/Yaf-Server/apps/controllers/Index.php(28): Apis\Factory::factory(Array)
#11 [internal function]: IndexController->indexAction()
#12 /data/web/myself/Yaf-Server-Admin/Yaf-Server/public/index.php(22): Yaf_Application->run()
#13 {main}
)


Array
(
    [ErrorTime] => 2019-12-05 09:46:09
    [ServerIP] => 127.0.0.1
    [ClientIP] => 127.0.0.1
    [content] => SQLSTATE[HY000] [2002] Network is unreachable
#0 /data/web/myself/Yaf-Server-Admin/Yaf-Server/vendor/finger/yaflib/src/Database/Connection.php(125): PDO->__construct('mysql:dbname=ya...', 'admin', 'a2f6d985382bd42...', Array)
#1 /data/web/myself/Yaf-Server-Admin/Yaf-Server/vendor/finger/yaflib/src/Database/Connection.php(85): finger\Database\Connection->connection('default')
#2 /data/web/myself/Yaf-Server-Admin/Yaf-Server/vendor/finger/yaflib/src/Database/Connection.php(71): finger\Database\Connection->changeDb('default')
#3 /data/web/myself/Yaf-Server-Admin/Yaf-Server/vendor/finger/yaflib/src/Database/Models.php(85): finger\Database\Connection->__construct('default')
#4 /data/web/myself/Yaf-Server-Admin/Yaf-Server/vendor/finger/yaflib/src/Database/Models.php(74): finger\Database\Models->changeDb('default')
#5 /data/web/myself/Yaf-Server-Admin/Yaf-Server/library/Services/Sms/Sms.php(265): finger\Database\Models->__construct()
#6 /data/web/myself/Yaf-Server-Admin/Yaf-Server/library/Services/Sms/Sms.php(184): Services\Sms\Sms::getTemplet('ADMIN_LOGIN_COD...')
#7 /data/web/myself/Yaf-Server-Admin/Yaf-Server/library/Apis/admin/v100/Sms/SmsVerifyApi.php(28): Services\Sms\Sms::verify('18575202691', '123456', 'ADMIN_LOGIN_COD...', 0, '127.0.0.1')
#8 /data/web/myself/Yaf-Server-Admin/Yaf-Server/library/Apis/AbstractApi.php(81): Apis\admin\v100\Sms\SmsVerifyApi->runService()
#9 /data/web/myself/Yaf-Server-Admin/Yaf-Server/library/Apis/Factory.php(77): Apis\AbstractApi->__construct(Array, 'admin', 'admin_api_call', '16b36c2c513de50...')
#10 /data/web/myself/Yaf-Server-Admin/Yaf-Server/apps/controllers/Index.php(28): Apis\Factory::factory(Array)
#11 [internal function]: IndexController->indexAction()
#12 /data/web/myself/Yaf-Server-Admin/Yaf-Server/public/index.php(22): Yaf_Application->run()
#13 {main}
)


